0 info it worked if it ends with ok
1 verbose cli [
1 verbose cli   '/usr/local/bin/node',
1 verbose cli   '/usr/local/bin/npm',
1 verbose cli   'install',
1 verbose cli   '--ignore-scripts',
1 verbose cli   '@types/abbrev@ts3.6',
1 verbose cli   '@types/accepts@ts3.6',
1 verbose cli   '@types/are-we-there-yet@ts3.6',
1 verbose cli   '@types/balanced-match@ts3.6',
1 verbose cli   '@types/body-parser@ts3.6',
1 verbose cli   '@types/brace-expansion@ts3.6',
1 verbose cli   '@types/bytes@ts3.6',
1 verbose cli   '@types/cacache@ts3.6',
1 verbose cli   '@types/call-bind@ts3.6',
1 verbose cli   '@types/chownr@ts3.6',
1 verbose cli   '@types/color-support@ts3.6',
1 verbose cli   '@types/concat-map@ts3.6',
1 verbose cli   '@types/content-disposition@ts3.6',
1 verbose cli   '@types/content-type@ts3.6',
1 verbose cli   '@types/cookie@ts3.6',
1 verbose cli   '@types/cookie-signature@ts3.6',
1 verbose cli   '@types/debug@ts3.6',
1 verbose cli   '@types/delegates@ts3.6',
1 verbose cli   '@types/depd@ts3.6',
1 verbose cli   '@types/destroy@ts3.6',
1 verbose cli   '@types/detect-libc@ts3.6',
1 verbose cli   '@types/ee-first@ts3.6',
1 verbose cli   '@types/encodeurl@ts3.6',
1 verbose cli   '@types/escape-html@ts3.6',
1 verbose cli   '@types/etag@ts3.6',
1 verbose cli   '@types/finalhandler@ts3.6',
1 verbose cli   '@types/forwarded@ts3.6',
1 verbose cli   '@types/fresh@ts3.6',
1 verbose cli   '@types/fs-minipass@ts3.6',
1 verbose cli   '@types/function-bind@ts3.6',
1 verbose cli   '@types/gauge@ts3.6',
1 verbose cli   '@types/get-intrinsic@ts3.6',
1 verbose cli   '@types/glob@ts3.6',
1 verbose cli   '@types/graceful-fs@ts3.6',
1 verbose cli   '@types/has@ts3.6',
1 verbose cli   '@types/has-symbols@ts3.6',
1 verbose cli   '@types/http-cache-semantics@ts3.6',
1 verbose cli   '@types/http-errors@ts3.6',
1 verbose cli   '@types/humanize-ms@ts3.6',
1 verbose cli   '@types/imurmurhash@ts3.6',
1 verbose cli   '@types/inherits@ts3.6',
1 verbose cli   '@types/ip@ts3.6',
1 verbose cli   '@types/is-lambda@ts3.6',
1 verbose cli   '@types/isexe@ts3.6',
1 verbose cli   '@types/make-fetch-happen@ts3.6',
1 verbose cli   '@types/media-typer@ts3.6',
1 verbose cli   '@types/merge-descriptors@ts3.6',
1 verbose cli   '@types/methods@ts3.6',
1 verbose cli   '@types/mime@ts3.6',
1 verbose cli   '@types/mime-db@ts3.6',
1 verbose cli   '@types/mime-types@ts3.6',
1 verbose cli   '@types/minizlib@ts3.6',
1 verbose cli   '@types/ms@ts3.6',
1 verbose cli   '@types/negotiator@ts3.6',
1 verbose cli   '@types/node-fetch@ts3.6',
1 verbose cli   '@types/nopt@ts3.6',
1 verbose cli   '@types/npmlog@ts3.6',
1 verbose cli   '@types/object-assign@ts3.6',
1 verbose cli   '@types/object-inspect@ts3.6',
1 verbose cli   '@types/on-finished@ts3.6',
1 verbose cli   '@types/once@ts3.6',
1 verbose cli   '@types/parseurl@ts3.6',
1 verbose cli   '@types/path-is-absolute@ts3.6',
1 verbose cli   '@types/promise-inflight@ts3.6',
1 verbose cli   '@types/promise-retry@ts3.6',
1 verbose cli   '@types/proxy-addr@ts3.6',
1 verbose cli   '@types/qs@ts3.6',
1 verbose cli   '@types/range-parser@ts3.6',
1 verbose cli   '@types/readable-stream@ts3.6',
1 verbose cli   '@types/retry@ts3.6',
1 verbose cli   '@types/safer-buffer@ts3.6',
1 verbose cli   '@types/semver@ts3.6',
1 verbose cli   '@types/send@ts3.6',
1 verbose cli   '@types/serve-static@ts3.6',
1 verbose cli   '@types/set-blocking@ts3.6',
1 verbose cli   '@types/signal-exit@ts3.6',
1 verbose cli   '@types/ssri@ts3.6',
1 verbose cli   '@types/statuses@ts3.6',
1 verbose cli   '@types/tar@ts3.6',
1 verbose cli   '@types/toidentifier@ts3.6',
1 verbose cli   '@types/tr46@ts3.6',
1 verbose cli   '@types/type-is@ts3.6',
1 verbose cli   '@types/util-deprecate@ts3.6',
1 verbose cli   '@types/utils-merge@ts3.6',
1 verbose cli   '@types/vary@ts3.6',
1 verbose cli   '@types/webidl-conversions@ts3.6',
1 verbose cli   '@types/whatwg-url@ts3.6',
1 verbose cli   '@types/which@ts3.6',
1 verbose cli   '@types/yallist@ts3.6',
1 verbose cli   '--save-dev',
1 verbose cli   '--user-agent=typesInstaller/3.6.3'
1 verbose cli ]
2 info using npm@6.14.6
3 info using node@v12.18.3
4 verbose npm-session a9e90eefa63da57d
5 silly install loadCurrentTree
6 silly install readLocalPackageData
7 http fetch GET 304 https://registry.npmjs.org/@types%2fbrace-expansion 783ms (from cache)
8 http fetch GET 304 https://registry.npmjs.org/@types%2faccepts 795ms (from cache)
9 silly pacote tag manifest for @types/accepts@ts3.6 fetched in 808ms
10 silly pacote tag manifest for @types/brace-expansion@ts3.6 fetched in 837ms
11 http fetch GET 304 https://registry.npmjs.org/@types%2fare-we-there-yet 889ms (from cache)
12 http fetch GET 304 https://registry.npmjs.org/@types%2fcall-bind 892ms (from cache)
13 silly registry:manifest no matching version for @types/call-bind@ts3.6 in the cache. Forcing revalidation.
14 http fetch GET 304 https://registry.npmjs.org/@types%2fbalanced-match 907ms (from cache)
15 http fetch GET 304 https://registry.npmjs.org/@types%2fabbrev 927ms (from cache)
16 silly pacote tag manifest for @types/are-we-there-yet@ts3.6 fetched in 925ms
17 silly pacote tag manifest for @types/balanced-match@ts3.6 fetched in 936ms
18 http fetch GET 304 https://registry.npmjs.org/@types%2fbody-parser 958ms (from cache)
19 http fetch GET 304 https://registry.npmjs.org/@types%2fbytes 961ms (from cache)
20 silly pacote tag manifest for @types/body-parser@ts3.6 fetched in 967ms
21 silly pacote tag manifest for @types/abbrev@ts3.6 fetched in 984ms
22 http fetch GET 304 https://registry.npmjs.org/@types%2fchownr 971ms (from cache)
23 silly pacote tag manifest for @types/bytes@ts3.6 fetched in 1027ms
24 http fetch GET 200 https://registry.npmjs.org/@types%2fcall-bind 191ms
25 silly fetchPackageMetaData error for @types/call-bind@ts3.6 No matching version found for @types/call-bind@ts3.6.
26 http fetch GET 304 https://registry.npmjs.org/@types%2fconcat-map 264ms (from cache)
27 silly pacote tag manifest for @types/concat-map@ts3.6 fetched in 287ms
28 http fetch GET 304 https://registry.npmjs.org/@types%2fcontent-disposition 222ms (from cache)
29 silly pacote tag manifest for @types/chownr@ts3.6 fetched in 1143ms
30 silly pacote tag manifest for @types/content-disposition@ts3.6 fetched in 236ms
31 http fetch GET 304 https://registry.npmjs.org/@types%2fdebug 169ms (from cache)
32 silly pacote tag manifest for @types/debug@ts3.6 fetched in 187ms
33 http fetch GET 304 https://registry.npmjs.org/@types%2fcookie 262ms (from cache)
34 http fetch GET 304 https://registry.npmjs.org/@types%2fdelegates 140ms (from cache)
35 silly registry:manifest no matching version for @types/delegates@ts3.6 in the cache. Forcing revalidation.
36 silly pacote tag manifest for @types/cookie@ts3.6 fetched in 277ms
37 http fetch GET 304 https://registry.npmjs.org/@types%2fdepd 170ms (from cache)
38 silly pacote tag manifest for @types/depd@ts3.6 fetched in 182ms
39 http fetch GET 304 https://registry.npmjs.org/@types%2fdestroy 206ms (from cache)
40 silly pacote tag manifest for @types/destroy@ts3.6 fetched in 215ms
41 http fetch GET 304 https://registry.npmjs.org/@types%2fencodeurl 148ms (from cache)
42 http fetch GET 304 https://registry.npmjs.org/@types%2fee-first 174ms (from cache)
43 silly pacote tag manifest for @types/ee-first@ts3.6 fetched in 191ms
44 silly pacote tag manifest for @types/encodeurl@ts3.6 fetched in 184ms
45 http fetch GET 304 https://registry.npmjs.org/@types%2fcacache 1472ms (from cache)
46 http fetch GET 304 https://registry.npmjs.org/@types%2fescape-html 165ms (from cache)
47 http fetch GET 304 https://registry.npmjs.org/@types%2fetag 149ms (from cache)
48 silly pacote tag manifest for @types/cacache@ts3.6 fetched in 1529ms
49 silly pacote tag manifest for @types/escape-html@ts3.6 fetched in 221ms
50 silly pacote tag manifest for @types/etag@ts3.6 fetched in 179ms
51 http fetch GET 304 https://registry.npmjs.org/@types%2ffinalhandler 171ms (from cache)
52 silly pacote tag manifest for @types/finalhandler@ts3.6 fetched in 220ms
53 http fetch GET 304 https://registry.npmjs.org/@types%2ffs-minipass 278ms (from cache)
54 silly registry:manifest no matching version for @types/fs-minipass@ts3.6 in the cache. Forcing revalidation.
55 http fetch GET 304 https://registry.npmjs.org/@types%2ffresh 297ms (from cache)
56 silly pacote tag manifest for @types/fresh@ts3.6 fetched in 378ms
57 http fetch GET 304 https://registry.npmjs.org/@types%2fgauge 327ms (from cache)
58 silly registry:manifest no matching version for @types/gauge@ts3.6 in the cache. Forcing revalidation.
59 http fetch GET 304 https://registry.npmjs.org/@types%2ffunction-bind 415ms (from cache)
60 http fetch GET 304 https://registry.npmjs.org/@types%2fforwarded 558ms (from cache)
61 silly pacote tag manifest for @types/forwarded@ts3.6 fetched in 565ms
62 silly pacote tag manifest for @types/function-bind@ts3.6 fetched in 455ms
63 http fetch GET 304 https://registry.npmjs.org/@types%2fgraceful-fs 191ms (from cache)
64 http fetch GET 304 https://registry.npmjs.org/@types%2fget-intrinsic 276ms (from cache)
65 silly registry:manifest no matching version for @types/get-intrinsic@ts3.6 in the cache. Forcing revalidation.
66 silly pacote tag manifest for @types/graceful-fs@ts3.6 fetched in 231ms
67 http fetch GET 304 https://registry.npmjs.org/@types%2fglob 260ms (from cache)
68 http fetch GET 200 https://registry.npmjs.org/@types%2ffs-minipass 442ms
69 silly fetchPackageMetaData error for @types/fs-minipass@ts3.6 No matching version found for @types/fs-minipass@ts3.6.
70 silly pacote tag manifest for @types/glob@ts3.6 fetched in 283ms
71 http fetch GET 304 https://registry.npmjs.org/@types%2fhas 103ms (from cache)
72 silly pacote tag manifest for @types/has@ts3.6 fetched in 108ms
73 http fetch GET 304 https://registry.npmjs.org/@types%2fhttp-cache-semantics 121ms (from cache)
74 silly pacote tag manifest for @types/http-cache-semantics@ts3.6 fetched in 125ms
75 http fetch GET 304 https://registry.npmjs.org/@types%2fhas-symbols 151ms (from cache)
76 silly pacote tag manifest for @types/has-symbols@ts3.6 fetched in 163ms
77 http fetch GET 200 https://registry.npmjs.org/@types%2fget-intrinsic 295ms
78 silly fetchPackageMetaData error for @types/get-intrinsic@ts3.6 No matching version found for @types/get-intrinsic@ts3.6.
79 http fetch GET 304 https://registry.npmjs.org/@types%2fcontent-type 1566ms (from cache)
80 http fetch GET 304 https://registry.npmjs.org/@types%2fimurmurhash 112ms (from cache)
81 silly pacote tag manifest for @types/content-type@ts3.6 fetched in 1605ms
82 silly pacote tag manifest for @types/imurmurhash@ts3.6 fetched in 117ms
83 http fetch GET 304 https://registry.npmjs.org/@types%2fhttp-errors 223ms (from cache)
84 silly pacote tag manifest for @types/http-errors@ts3.6 fetched in 238ms
85 http fetch GET 304 https://registry.npmjs.org/@types%2finherits 107ms (from cache)
86 silly pacote tag manifest for @types/inherits@ts3.6 fetched in 110ms
87 http fetch GET 304 https://registry.npmjs.org/@types%2fip 177ms (from cache)
88 silly pacote tag manifest for @types/ip@ts3.6 fetched in 182ms
89 http fetch GET 304 https://registry.npmjs.org/@types%2fisexe 139ms (from cache)
90 silly pacote tag manifest for @types/isexe@ts3.6 fetched in 154ms
91 http fetch GET 304 https://registry.npmjs.org/@types%2fmake-fetch-happen 213ms (from cache)
92 http fetch GET 304 https://registry.npmjs.org/@types%2fmerge-descriptors 122ms (from cache)
93 silly pacote tag manifest for @types/make-fetch-happen@ts3.6 fetched in 262ms
94 silly pacote tag manifest for @types/merge-descriptors@ts3.6 fetched in 137ms
95 http fetch GET 304 https://registry.npmjs.org/@types%2fmedia-typer 159ms (from cache)
96 silly pacote tag manifest for @types/media-typer@ts3.6 fetched in 184ms
97 http fetch GET 304 https://registry.npmjs.org/@types%2fmime-db 90ms (from cache)
98 silly pacote tag manifest for @types/mime-db@ts3.6 fetched in 99ms
99 http fetch GET 304 https://registry.npmjs.org/@types%2fmime 152ms (from cache)
100 silly pacote tag manifest for @types/mime@ts3.6 fetched in 157ms
101 http fetch GET 304 https://registry.npmjs.org/@types%2fmethods 188ms (from cache)
102 silly pacote tag manifest for @types/methods@ts3.6 fetched in 192ms
103 http fetch GET 304 https://registry.npmjs.org/@types%2fmime-types 164ms (from cache)
104 http fetch GET 304 https://registry.npmjs.org/@types%2fms 145ms (from cache)
105 silly pacote tag manifest for @types/ms@ts3.6 fetched in 148ms
106 silly pacote tag manifest for @types/mime-types@ts3.6 fetched in 215ms
107 http fetch GET 304 https://registry.npmjs.org/@types%2fnegotiator 181ms (from cache)
108 http fetch GET 304 https://registry.npmjs.org/@types%2fcolor-support 2595ms (from cache)
109 silly pacote tag manifest for @types/negotiator@ts3.6 fetched in 196ms
110 silly pacote tag manifest for @types/color-support@ts3.6 fetched in 2608ms
111 http fetch GET 304 https://registry.npmjs.org/@types%2fnode-fetch 234ms (from cache)
112 silly pacote tag manifest for @types/node-fetch@ts3.6 fetched in 265ms
113 http fetch GET 304 https://registry.npmjs.org/@types%2fobject-assign 109ms (from cache)
114 silly pacote tag manifest for @types/object-assign@ts3.6 fetched in 119ms
115 http fetch GET 304 https://registry.npmjs.org/@types%2fnpmlog 224ms (from cache)
116 silly pacote tag manifest for @types/npmlog@ts3.6 fetched in 230ms
117 http fetch GET 304 https://registry.npmjs.org/@types%2fcookie-signature 2707ms (from cache)
118 silly pacote tag manifest for @types/cookie-signature@ts3.6 fetched in 2806ms
119 http fetch GET 200 https://registry.npmjs.org/@types%2fdelegates 2555ms
120 silly fetchPackageMetaData error for @types/delegates@ts3.6 No matching version found for @types/delegates@ts3.6.
121 http fetch GET 304 https://registry.npmjs.org/@types%2fdetect-libc 2669ms (from cache)
122 silly pacote tag manifest for @types/detect-libc@ts3.6 fetched in 2675ms
123 http fetch GET 304 https://registry.npmjs.org/@types%2fobject-inspect 228ms (from cache)
124 silly pacote tag manifest for @types/object-inspect@ts3.6 fetched in 233ms
125 http fetch GET 304 https://registry.npmjs.org/@types%2fon-finished 227ms (from cache)
126 silly pacote tag manifest for @types/on-finished@ts3.6 fetched in 230ms
127 http fetch GET 304 https://registry.npmjs.org/@types%2fpath-is-absolute 98ms (from cache)
128 silly pacote tag manifest for @types/path-is-absolute@ts3.6 fetched in 102ms
129 http fetch GET 304 https://registry.npmjs.org/@types%2fonce 163ms (from cache)
130 silly pacote tag manifest for @types/once@ts3.6 fetched in 170ms
131 http fetch GET 304 https://registry.npmjs.org/@types%2fhumanize-ms 1559ms (from cache)
132 silly pacote tag manifest for @types/humanize-ms@ts3.6 fetched in 1574ms
133 http fetch GET 304 https://registry.npmjs.org/@types%2fparseurl 227ms (from cache)
134 silly pacote tag manifest for @types/parseurl@ts3.6 fetched in 256ms
135 http fetch GET 304 https://registry.npmjs.org/@types%2fpromise-inflight 250ms (from cache)
136 silly pacote tag manifest for @types/promise-inflight@ts3.6 fetched in 252ms
137 http fetch GET 304 https://registry.npmjs.org/@types%2fis-lambda 1620ms (from cache)
138 silly registry:manifest no matching version for @types/is-lambda@ts3.6 in the cache. Forcing revalidation.
139 http fetch GET 304 https://registry.npmjs.org/@types%2fproxy-addr 278ms (from cache)
140 http fetch GET 304 https://registry.npmjs.org/@types%2fqs 278ms (from cache)
141 silly pacote tag manifest for @types/proxy-addr@ts3.6 fetched in 291ms
142 silly pacote tag manifest for @types/qs@ts3.6 fetched in 285ms
143 http fetch GET 304 https://registry.npmjs.org/@types%2frange-parser 249ms (from cache)
144 silly pacote tag manifest for @types/range-parser@ts3.6 fetched in 256ms
145 http fetch GET 304 https://registry.npmjs.org/@types%2freadable-stream 180ms (from cache)
146 silly pacote tag manifest for @types/readable-stream@ts3.6 fetched in 190ms
147 http fetch GET 304 https://registry.npmjs.org/@types%2fretry 184ms (from cache)
148 silly pacote tag manifest for @types/retry@ts3.6 fetched in 187ms
149 http fetch GET 304 https://registry.npmjs.org/@types%2fsafer-buffer 97ms (from cache)
150 silly pacote tag manifest for @types/safer-buffer@ts3.6 fetched in 100ms
151 http fetch GET 304 https://registry.npmjs.org/@types%2fsemver 131ms (from cache)
152 http fetch GET 304 https://registry.npmjs.org/@types%2fsend 123ms (from cache)
153 silly pacote tag manifest for @types/semver@ts3.6 fetched in 137ms
154 silly pacote tag manifest for @types/send@ts3.6 fetched in 129ms
155 http fetch GET 304 https://registry.npmjs.org/@types%2fsignal-exit 101ms (from cache)
156 http fetch GET 304 https://registry.npmjs.org/@types%2fset-blocking 150ms (from cache)
157 silly registry:manifest no matching version for @types/set-blocking@ts3.6 in the cache. Forcing revalidation.
158 http fetch GET 304 https://registry.npmjs.org/@types%2fserve-static 191ms (from cache)
159 silly pacote tag manifest for @types/signal-exit@ts3.6 fetched in 132ms
160 silly pacote tag manifest for @types/serve-static@ts3.6 fetched in 216ms
161 http fetch GET 200 https://registry.npmjs.org/@types%2fgauge 2519ms
162 silly fetchPackageMetaData error for @types/gauge@ts3.6 No matching version found for @types/gauge@ts3.6.
163 http fetch GET 304 https://registry.npmjs.org/@types%2fstatuses 144ms (from cache)
164 http fetch GET 304 https://registry.npmjs.org/@types%2fssri 153ms (from cache)
165 silly pacote tag manifest for @types/statuses@ts3.6 fetched in 159ms
166 silly pacote tag manifest for @types/ssri@ts3.6 fetched in 163ms
167 http fetch GET 200 https://registry.npmjs.org/@types%2fset-blocking 118ms
168 silly fetchPackageMetaData error for @types/set-blocking@ts3.6 No matching version found for @types/set-blocking@ts3.6.
169 http fetch GET 304 https://registry.npmjs.org/@types%2ftoidentifier 113ms (from cache)
170 silly registry:manifest no matching version for @types/toidentifier@ts3.6 in the cache. Forcing revalidation.
171 http fetch GET 304 https://registry.npmjs.org/@types%2ftr46 112ms (from cache)
172 silly registry:manifest no matching version for @types/tr46@ts3.6 in the cache. Forcing revalidation.
173 http fetch GET 304 https://registry.npmjs.org/@types%2ftar 192ms (from cache)
174 http fetch GET 304 https://registry.npmjs.org/@types%2futil-deprecate 125ms (from cache)
175 silly pacote tag manifest for @types/tar@ts3.6 fetched in 199ms
176 http fetch GET 304 https://registry.npmjs.org/@types%2futils-merge 114ms (from cache)
177 http fetch GET 304 https://registry.npmjs.org/@types%2ftype-is 143ms (from cache)
178 silly pacote tag manifest for @types/utils-merge@ts3.6 fetched in 128ms
179 silly pacote tag manifest for @types/type-is@ts3.6 fetched in 157ms
180 silly pacote tag manifest for @types/util-deprecate@ts3.6 fetched in 160ms
181 http fetch GET 200 https://registry.npmjs.org/@types%2ftr46 92ms
182 silly fetchPackageMetaData error for @types/tr46@ts3.6 No matching version found for @types/tr46@ts3.6.
183 http fetch GET 304 https://registry.npmjs.org/@types%2fwebidl-conversions 201ms (from cache)
184 http fetch GET 304 https://registry.npmjs.org/@types%2fyallist 187ms (from cache)
185 http fetch GET 304 https://registry.npmjs.org/@types%2fwhatwg-url 201ms (from cache)
186 silly pacote tag manifest for @types/webidl-conversions@ts3.6 fetched in 207ms
187 http fetch GET 304 https://registry.npmjs.org/@types%2fwhich 198ms (from cache)
188 silly pacote tag manifest for @types/yallist@ts3.6 fetched in 194ms
189 http fetch GET 304 https://registry.npmjs.org/@types%2fvary 235ms (from cache)
190 silly pacote tag manifest for @types/which@ts3.6 fetched in 205ms
191 silly pacote tag manifest for @types/vary@ts3.6 fetched in 239ms
192 silly pacote tag manifest for @types/whatwg-url@ts3.6 fetched in 277ms
193 http fetch GET 304 https://registry.npmjs.org/@types%2fminizlib 2531ms (from cache)
194 silly pacote tag manifest for @types/minizlib@ts3.6 fetched in 2537ms
195 http fetch GET 304 https://registry.npmjs.org/@types%2fnopt 2487ms (from cache)
196 silly pacote tag manifest for @types/nopt@ts3.6 fetched in 2549ms
197 http fetch GET 304 https://registry.npmjs.org/@types%2fpromise-retry 2595ms (from cache)
198 silly pacote tag manifest for @types/promise-retry@ts3.6 fetched in 2600ms
199 http fetch GET 200 https://registry.npmjs.org/@types%2fis-lambda 2429ms
200 silly fetchPackageMetaData error for @types/is-lambda@ts3.6 No matching version found for @types/is-lambda@ts3.6.
201 http fetch GET 200 https://registry.npmjs.org/@types%2ftoidentifier 2639ms
202 silly fetchPackageMetaData error for @types/toidentifier@ts3.6 No matching version found for @types/toidentifier@ts3.6.
203 timing stage:rollbackFailedOptional Completed in 1ms
204 timing stage:runTopLevelLifecycles Completed in 7332ms
205 verbose type tag
206 verbose stack @types/call-bind: No matching version found for @types/call-bind@ts3.6.
206 verbose stack     at pickManifest (/usr/local/lib/node_modules/npm/node_modules/npm-pick-manifest/index.js:122:13)
206 verbose stack     at /usr/local/lib/node_modules/npm/node_modules/pacote/lib/fetchers/registry/manifest.js:43:18
206 verbose stack     at tryCatcher (/usr/local/lib/node_modules/npm/node_modules/bluebird/js/release/util.js:16:23)
206 verbose stack     at Promise._settlePromiseFromHandler (/usr/local/lib/node_modules/npm/node_modules/bluebird/js/release/promise.js:517:31)
206 verbose stack     at Promise._settlePromise (/usr/local/lib/node_modules/npm/node_modules/bluebird/js/release/promise.js:574:18)
206 verbose stack     at Promise._settlePromise0 (/usr/local/lib/node_modules/npm/node_modules/bluebird/js/release/promise.js:619:10)
206 verbose stack     at Promise._settlePromises (/usr/local/lib/node_modules/npm/node_modules/bluebird/js/release/promise.js:699:18)
206 verbose stack     at _drainQueueStep (/usr/local/lib/node_modules/npm/node_modules/bluebird/js/release/async.js:138:12)
206 verbose stack     at _drainQueue (/usr/local/lib/node_modules/npm/node_modules/bluebird/js/release/async.js:131:9)
206 verbose stack     at Async._drainQueues (/usr/local/lib/node_modules/npm/node_modules/bluebird/js/release/async.js:147:5)
206 verbose stack     at Immediate.Async.drainQueues [as _onImmediate] (/usr/local/lib/node_modules/npm/node_modules/bluebird/js/release/async.js:17:14)
206 verbose stack     at processImmediate (internal/timers.js:456:21)
207 verbose cwd /home/theia/.cache/typescript/3.6
208 verbose Linux 5.15.79.1-microsoft-standard-WSL2
209 verbose argv "/usr/local/bin/node" "/usr/local/bin/npm" "install" "--ignore-scripts" "@types/abbrev@ts3.6" "@types/accepts@ts3.6" "@types/are-we-there-yet@ts3.6" "@types/balanced-match@ts3.6" "@types/body-parser@ts3.6" "@types/brace-expansion@ts3.6" "@types/bytes@ts3.6" "@types/cacache@ts3.6" "@types/call-bind@ts3.6" "@types/chownr@ts3.6" "@types/color-support@ts3.6" "@types/concat-map@ts3.6" "@types/content-disposition@ts3.6" "@types/content-type@ts3.6" "@types/cookie@ts3.6" "@types/cookie-signature@ts3.6" "@types/debug@ts3.6" "@types/delegates@ts3.6" "@types/depd@ts3.6" "@types/destroy@ts3.6" "@types/detect-libc@ts3.6" "@types/ee-first@ts3.6" "@types/encodeurl@ts3.6" "@types/escape-html@ts3.6" "@types/etag@ts3.6" "@types/finalhandler@ts3.6" "@types/forwarded@ts3.6" "@types/fresh@ts3.6" "@types/fs-minipass@ts3.6" "@types/function-bind@ts3.6" "@types/gauge@ts3.6" "@types/get-intrinsic@ts3.6" "@types/glob@ts3.6" "@types/graceful-fs@ts3.6" "@types/has@ts3.6" "@types/has-symbols@ts3.6" "@types/http-cache-semantics@ts3.6" "@types/http-errors@ts3.6" "@types/humanize-ms@ts3.6" "@types/imurmurhash@ts3.6" "@types/inherits@ts3.6" "@types/ip@ts3.6" "@types/is-lambda@ts3.6" "@types/isexe@ts3.6" "@types/make-fetch-happen@ts3.6" "@types/media-typer@ts3.6" "@types/merge-descriptors@ts3.6" "@types/methods@ts3.6" "@types/mime@ts3.6" "@types/mime-db@ts3.6" "@types/mime-types@ts3.6" "@types/minizlib@ts3.6" "@types/ms@ts3.6" "@types/negotiator@ts3.6" "@types/node-fetch@ts3.6" "@types/nopt@ts3.6" "@types/npmlog@ts3.6" "@types/object-assign@ts3.6" "@types/object-inspect@ts3.6" "@types/on-finished@ts3.6" "@types/once@ts3.6" "@types/parseurl@ts3.6" "@types/path-is-absolute@ts3.6" "@types/promise-inflight@ts3.6" "@types/promise-retry@ts3.6" "@types/proxy-addr@ts3.6" "@types/qs@ts3.6" "@types/range-parser@ts3.6" "@types/readable-stream@ts3.6" "@types/retry@ts3.6" "@types/safer-buffer@ts3.6" "@types/semver@ts3.6" "@types/send@ts3.6" "@types/serve-static@ts3.6" "@types/set-blocking@ts3.6" "@types/signal-exit@ts3.6" "@types/ssri@ts3.6" "@types/statuses@ts3.6" "@types/tar@ts3.6" "@types/toidentifier@ts3.6" "@types/tr46@ts3.6" "@types/type-is@ts3.6" "@types/util-deprecate@ts3.6" "@types/utils-merge@ts3.6" "@types/vary@ts3.6" "@types/webidl-conversions@ts3.6" "@types/whatwg-url@ts3.6" "@types/which@ts3.6" "@types/yallist@ts3.6" "--save-dev" "--user-agent=typesInstaller/3.6.3"
210 verbose node v12.18.3
211 verbose npm  v6.14.6
212 error code ETARGET
213 error notarget No matching version found for @types/call-bind@ts3.6.
214 error notarget In most cases you or one of your dependencies are requesting
214 error notarget a package version that doesn't exist.
215 verbose exit [ 1, true ]
